{"name": "Просмотр фильма", "status": "broken", "statusDetails": {"message": "selenium.common.exceptions.NoSuchElementException: Message: no such element: Unable to locate element: {\"method\":\"css selector\",\"selector\":\".WelcomePage-tagline\"}\n  (Session info: chrome=131.0.6778.109); For documentation on this error, please visit: https://www.selenium.dev/documentation/webdriver/troubleshooting/errors#no-such-element-exception\nStacktrace:\n\tGetHandleVerifier [0x00007FF711DC6CF5+28821]\n\t(No symbol) [0x00007FF711D33880]\n\t(No symbol) [0x00007FF711BD578A]\n\t(No symbol) [0x00007FF711C291BE]\n\t(No symbol) [0x00007FF711C294AC]\n\t(No symbol) [0x00007FF711C72647]\n\t(No symbol) [0x00007FF711C4F33F]\n\t(No symbol) [0x00007FF711C6F412]\n\t(No symbol) [0x00007FF711C4F0A3]\n\t(No symbol) [0x00007FF711C1A778]\n\t(No symbol) [0x00007FF711C1B8E1]\n\tGetHandleVerifier [0x00007FF7120FFCED+3408013]\n\tGetHandleVerifier [0x00007FF71211745F+3504127]\n\tGetHandleVerifier [0x00007FF71210B63D+3455453]\n\tGetHandleVerifier [0x00007FF711E8BDFB+835995]\n\t(No symbol) [0x00007FF711D3EB9F]\n\t(No symbol) [0x00007FF711D3A854]\n\t(No symbol) [0x00007FF711D3A9ED]\n\t(No symbol) [0x00007FF711D2A1D9]\n\tBaseThreadInitThunk [0x00007FFB6F79259D+29]\n\tRtlUserThreadStart [0x00007FFB7146AF38+40]", "trace": "driver = <selenium.webdriver.chrome.webdriver.WebDriver (session=\"bf31824d3ab625c90c761ab43cfde66d\")>\n\n    @allure.title(\"Просмотр фильма\")\n    @allure.description(\"Только для авторизированных пользователей\")\n    @allure.severity(\"critical\")\n    def test_auth_restriction(driver):\n        \"\"\"\n     Метод получает сообщение об авторизации\n     для доступа к просмотру фильма.\n        \"\"\"\n        with allure.step(\"запустить браузер\"):\n            driver.get(\"https://www.kinopoisk.ru/?utm_referrer=trinixy.ru\")\n        driver.find_element(By.NAME, \"kp_query\").send_keys(\"Брат\")\n        driver.find_element(By.CSS_SELECTOR, 'button[type=\"submit\"]').click()\n        driver.find_element(By.CSS_SELECTOR,'[href=\"/film/41519/sr/1/\"]').click()\n        driver.find_element(By.CSS_SELECTOR,'[data-test-id=\"Offer\"]').click()\n    \n        with allure.step(\"проверка на запрос авторизации\"):\n>           assert \"Войдите или зарегистрируйтесь\" in driver.find_element(By.CSS_SELECTOR, '.WelcomePage-tagline').text\n\ntest\\test_ui.py:30: \n_ _ _ _ _ _ _ _ _ _ _ _ _ _ _ _ _ _ _ _ _ _ _ _ _ _ _ _ _ _ _ _ _ _ _ _ _ _ _ _ _ _ _ _ _ _ _ _ _ _ _ _ _ _ _ _ _ _ _ _ _ _ _ _ _ _ _ _ _ _ _ _ _ _ _ _ _ _ _ _ _ _ _ _ _ _ _ _ _ _ _ _ _ _ _ _ _ _ _ _ _ _\nC:\\Users\\Tatyana\\AppData\\Local\\Programs\\Python\\Python312\\Lib\\site-packages\\selenium\\webdriver\\remote\\webdriver.py:748: in find_element\n    return self.execute(Command.FIND_ELEMENT, {\"using\": by, \"value\": value})[\"value\"]\nC:\\Users\\Tatyana\\AppData\\Local\\Programs\\Python\\Python312\\Lib\\site-packages\\selenium\\webdriver\\remote\\webdriver.py:354: in execute\n    self.error_handler.check_response(response)\n_ _ _ _ _ _ _ _ _ _ _ _ _ _ _ _ _ _ _ _ _ _ _ _ _ _ _ _ _ _ _ _ _ _ _ _ _ _ _ _ _ _ _ _ _ _ _ _ _ _ _ _ _ _ _ _ _ _ _ _ _ _ _ _ _ _ _ _ _ _ _ _ _ _ _ _ _ _ _ _ _ _ _ _ _ _ _ _ _ _ _ _ _ _ _ _ _ _ _ _ _ _\n\nself = <selenium.webdriver.remote.errorhandler.ErrorHandler object at 0x00000294AF97B7A0>\nresponse = {'status': 404, 'value': '{\"value\":{\"error\":\"no such element\",\"message\":\"no such element: Unable to locate element: {\\...07FF711D2A1D9]\\\\n\\\\tBaseThreadInitThunk [0x00007FFB6F79259D+29]\\\\n\\\\tRtlUserThreadStart [0x00007FFB7146AF38+40]\\\\n\"}}'}\n\n    def check_response(self, response: Dict[str, Any]) -> None:\n        \"\"\"Checks that a JSON response from the WebDriver does not have an\n        error.\n    \n        :Args:\n         - response - The JSON response from the WebDriver server as a dictionary\n           object.\n    \n        :Raises: If the response contains an error message.\n        \"\"\"\n        status = response.get(\"status\", None)\n        if not status or status == ErrorCode.SUCCESS:\n            return\n        value = None\n        message = response.get(\"message\", \"\")\n        screen: str = response.get(\"screen\", \"\")\n        stacktrace = None\n        if isinstance(status, int):\n            value_json = response.get(\"value\", None)\n            if value_json and isinstance(value_json, str):\n                import json\n    \n                try:\n                    value = json.loads(value_json)\n                    if len(value) == 1:\n                        value = value[\"value\"]\n                    status = value.get(\"error\", None)\n                    if not status:\n                        status = value.get(\"status\", ErrorCode.UNKNOWN_ERROR)\n                        message = value.get(\"value\") or value.get(\"message\")\n                        if not isinstance(message, str):\n                            value = message\n                            message = message.get(\"message\")\n                    else:\n                        message = value.get(\"message\", None)\n                except ValueError:\n                    pass\n    \n        exception_class: Type[WebDriverException]\n        e = ErrorCode()\n        error_codes = [item for item in dir(e) if not item.startswith(\"__\")]\n        for error_code in error_codes:\n            error_info = getattr(ErrorCode, error_code)\n            if isinstance(error_info, list) and status in error_info:\n                exception_class = getattr(ExceptionMapping, error_code, WebDriverException)\n                break\n        else:\n            exception_class = WebDriverException\n    \n        if not value:\n            value = response[\"value\"]\n        if isinstance(value, str):\n            raise exception_class(value)\n        if message == \"\" and \"message\" in value:\n            message = value[\"message\"]\n    \n        screen = None  # type: ignore[assignment]\n        if \"screen\" in value:\n            screen = value[\"screen\"]\n    \n        stacktrace = None\n        st_value = value.get(\"stackTrace\") or value.get(\"stacktrace\")\n        if st_value:\n            if isinstance(st_value, str):\n                stacktrace = st_value.split(\"\\n\")\n            else:\n                stacktrace = []\n                try:\n                    for frame in st_value:\n                        line = frame.get(\"lineNumber\", \"\")\n                        file = frame.get(\"fileName\", \"<anonymous>\")\n                        if line:\n                            file = f\"{file}:{line}\"\n                        meth = frame.get(\"methodName\", \"<anonymous>\")\n                        if \"className\" in frame:\n                            meth = f\"{frame['className']}.{meth}\"\n                        msg = \"    at %s (%s)\"\n                        msg = msg % (meth, file)\n                        stacktrace.append(msg)\n                except TypeError:\n                    pass\n        if exception_class == UnexpectedAlertPresentException:\n            alert_text = None\n            if \"data\" in value:\n                alert_text = value[\"data\"].get(\"text\")\n            elif \"alert\" in value:\n                alert_text = value[\"alert\"].get(\"text\")\n            raise exception_class(message, screen, stacktrace, alert_text)  # type: ignore[call-arg]  # mypy is not smart enough here\n>       raise exception_class(message, screen, stacktrace)\nE       selenium.common.exceptions.NoSuchElementException: Message: no such element: Unable to locate element: {\"method\":\"css selector\",\"selector\":\".WelcomePage-tagline\"}\nE         (Session info: chrome=131.0.6778.109); For documentation on this error, please visit: https://www.selenium.dev/documentation/webdriver/troubleshooting/errors#no-such-element-exception\nE       Stacktrace:\nE       \tGetHandleVerifier [0x00007FF711DC6CF5+28821]\nE       \t(No symbol) [0x00007FF711D33880]\nE       \t(No symbol) [0x00007FF711BD578A]\nE       \t(No symbol) [0x00007FF711C291BE]\nE       \t(No symbol) [0x00007FF711C294AC]\nE       \t(No symbol) [0x00007FF711C72647]\nE       \t(No symbol) [0x00007FF711C4F33F]\nE       \t(No symbol) [0x00007FF711C6F412]\nE       \t(No symbol) [0x00007FF711C4F0A3]\nE       \t(No symbol) [0x00007FF711C1A778]\nE       \t(No symbol) [0x00007FF711C1B8E1]\nE       \tGetHandleVerifier [0x00007FF7120FFCED+3408013]\nE       \tGetHandleVerifier [0x00007FF71211745F+3504127]\nE       \tGetHandleVerifier [0x00007FF71210B63D+3455453]\nE       \tGetHandleVerifier [0x00007FF711E8BDFB+835995]\nE       \t(No symbol) [0x00007FF711D3EB9F]\nE       \t(No symbol) [0x00007FF711D3A854]\nE       \t(No symbol) [0x00007FF711D3A9ED]\nE       \t(No symbol) [0x00007FF711D2A1D9]\nE       \tBaseThreadInitThunk [0x00007FFB6F79259D+29]\nE       \tRtlUserThreadStart [0x00007FFB7146AF38+40]\n\nC:\\Users\\Tatyana\\AppData\\Local\\Programs\\Python\\Python312\\Lib\\site-packages\\selenium\\webdriver\\remote\\errorhandler.py:229: NoSuchElementException"}, "description": "Только для авторизированных пользователей", "steps": [{"name": "запустить браузер", "status": "passed", "start": 1733511292749, "stop": 1733511303216}, {"name": "проверка на запрос авторизации", "status": "broken", "statusDetails": {"message": "selenium.common.exceptions.NoSuchElementException: Message: no such element: Unable to locate element: {\"method\":\"css selector\",\"selector\":\".WelcomePage-tagline\"}\n  (Session info: chrome=131.0.6778.109); For documentation on this error, please visit: https://www.selenium.dev/documentation/webdriver/troubleshooting/errors#no-such-element-exception\nStacktrace:\n\tGetHandleVerifier [0x00007FF711DC6CF5+28821]\n\t(No symbol) [0x00007FF711D33880]\n\t(No symbol) [0x00007FF711BD578A]\n\t(No symbol) [0x00007FF711C291BE]\n\t(No symbol) [0x00007FF711C294AC]\n\t(No symbol) [0x00007FF711C72647]\n\t(No symbol) [0x00007FF711C4F33F]\n\t(No symbol) [0x00007FF711C6F412]\n\t(No symbol) [0x00007FF711C4F0A3]\n\t(No symbol) [0x00007FF711C1A778]\n\t(No symbol) [0x00007FF711C1B8E1]\n\tGetHandleVerifier [0x00007FF7120FFCED+3408013]\n\tGetHandleVerifier [0x00007FF71211745F+3504127]\n\tGetHandleVerifier [0x00007FF71210B63D+3455453]\n\tGetHandleVerifier [0x00007FF711E8BDFB+835995]\n\t(No symbol) [0x00007FF711D3EB9F]\n\t(No symbol) [0x00007FF711D3A854]\n\t(No symbol) [0x00007FF711D3A9ED]\n\t(No symbol) [0x00007FF711D2A1D9]\n\tBaseThreadInitThunk [0x00007FFB6F79259D+29]\n\tRtlUserThreadStart [0x00007FFB7146AF38+40]\n\n", "trace": "  File \"D:\\Diplom\\Diplom\\test\\test_ui.py\", line 30, in test_auth_restriction\n    assert \"Войдите или зарегистрируйтесь\" in driver.find_element(By.CSS_SELECTOR, '.WelcomePage-tagline').text\n  File \"C:\\Users\\Tatyana\\AppData\\Local\\Programs\\Python\\Python312\\Lib\\site-packages\\selenium\\webdriver\\remote\\webdriver.py\", line 748, in find_element\n    return self.execute(Command.FIND_ELEMENT, {\"using\": by, \"value\": value})[\"value\"]\n           ^^^^^^^^^^^^^^^^^^^^^^^^^^^^^^^^^^^^^^^^^^^^^^^^^^^^^^^^^^^^^^^^^\n  File \"C:\\Users\\Tatyana\\AppData\\Local\\Programs\\Python\\Python312\\Lib\\site-packages\\selenium\\webdriver\\remote\\webdriver.py\", line 354, in execute\n    self.error_handler.check_response(response)\n  File \"C:\\Users\\Tatyana\\AppData\\Local\\Programs\\Python\\Python312\\Lib\\site-packages\\selenium\\webdriver\\remote\\errorhandler.py\", line 229, in check_response\n    raise exception_class(message, screen, stacktrace)\n"}, "start": 1733511324155, "stop": 1733511328216}], "start": 1733511292749, "stop": 1733511328216, "uuid": "583021aa-ac33-4c89-b518-84f6d60b0263", "historyId": "50fcd7268dc8ba623438c7995c8eed43", "testCaseId": "50fcd7268dc8ba623438c7995c8eed43", "fullName": "test.test_ui#test_auth_restriction", "labels": [{"name": "severity", "value": "critical"}, {"name": "parentSuite", "value": "test"}, {"name": "suite", "value": "test_ui"}, {"name": "host", "value": "LAPTOP-KRFIDVMG"}, {"name": "thread", "value": "26260-MainThread"}, {"name": "framework", "value": "pytest"}, {"name": "language", "value": "cpython3"}, {"name": "package", "value": "test.test_ui"}]}